<?xml version="1.0" encoding="UTF-8"?>
<!-- Generated by org.testng.reporters.JUnitReportReporter -->
<testsuite hostname="BabuGNair" failures="0" tests="1" name="TestCase.TC001SignIn" time="0.593" errors="0" timestamp="2024-10-20T20:14:44 CEST" skipped="0">
  <testcase classname="TestCase.TC001SignIn" name="SignIn" time="0.593"/>
  <system-out/>
</testsuite> <!-- TestCase.TC001SignIn -->
