<?xml version="1.0" encoding="UTF-8"?>
<!-- Generated by org.testng.reporters.JUnitReportReporter -->
<testsuite hostname="BabuGNair" failures="0" tests="1" name="TestCase.TC002SignOut" time="3.825" errors="0" timestamp="2024-10-19T19:27:13 CEST" skipped="0">
  <testcase classname="TestCase.TC002SignOut" name="logOut" time="3.825"/>
  <system-out/>
</testsuite> <!-- TestCase.TC002SignOut -->
