<?xml version="1.0" encoding="UTF-8"?>
<!-- Generated by org.testng.reporters.JUnitReportReporter -->
<testsuite hostname="BabuGNair" failures="0" tests="1" name="TestCase.TC001SignIn" time="0.555" errors="0" timestamp="2024-10-21T11:02:46 CEST" skipped="0">
  <testcase classname="TestCase.TC001SignIn" name="SignIn" time="0.555"/>
  <system-out/>
</testsuite> <!-- TestCase.TC001SignIn -->
