<?xml version="1.0" encoding="UTF-8"?>
<!-- Generated by org.testng.reporters.JUnitReportReporter -->
<testsuite hostname="BabuGNair" failures="0" tests="3" name="TestCase.TC003AddCart" time="21.470" errors="0" timestamp="2024-10-21T12:08:06 CEST" skipped="0">
  <testcase classname="TestCase.TC003AddCart" name="VerifyCart" time="9.286"/>
  <system-out/>
  <testcase classname="TestCase.TC003AddCart" name="VerifyCart" time="6.083"/>
  <system-out/>
  <testcase classname="TestCase.TC003AddCart" name="VerifyCart" time="6.101"/>
  <system-out/>
</testsuite> <!-- TestCase.TC003AddCart -->
