<?xml version="1.0" encoding="UTF-8"?>
<!-- Generated by org.testng.reporters.JUnitReportReporter -->
<testsuite hostname="BabuGNair" failures="0" tests="3" name="TestCase.TC003AddCart" time="21.790" errors="0" timestamp="2024-11-06T17:44:28 CET" skipped="0">
  <testcase classname="TestCase.TC003AddCart" name="VerifyCart" time="5.655"/>
  <system-out/>
  <testcase classname="TestCase.TC003AddCart" name="VerifyCart" time="8.871"/>
  <system-out/>
  <testcase classname="TestCase.TC003AddCart" name="VerifyCart" time="7.264"/>
  <system-out/>
</testsuite> <!-- TestCase.TC003AddCart -->
