<?xml version="1.0" encoding="UTF-8"?>
<!-- Generated by org.testng.reporters.JUnitReportReporter -->
<testsuite hostname="BabuGNair" failures="0" tests="1" name="TestCase.TC003AddCart" time="4.642" errors="0" timestamp="2024-10-20T18:40:05 CEST" skipped="0">
  <testcase classname="TestCase.TC003AddCart" name="VerifyCart" time="4.642"/>
</testsuite> <!-- TestCase.TC003AddCart -->
